<?xml version="1.0" encoding="utf-8"?><testsuites name="pytest tests"><testsuite name="pytest" errors="0" failures="0" skipped="0" tests="17" time="5.276" timestamp="2026-06-13T21:48:39.583220+00:00" hostname="agent-env-30018750-7c57-4dfe-9e9f-2654ecb65614"><testcase classname="backend_test" name="test_public_settings" time="0.288" /><testcase classname="backend_test" name="test_public_events" time="0.174" /><testcase classname="backend_test" name="test_public_gifts_no_token" time="0.159" /><testcase classname="backend_test" name="test_public_funds" time="0.160" /><testcase classname="backend_test" name="test_public_guestbook" time="0.123" /><testcase classname="backend_test" name="test_admin_login_bad" time="0.130" /><testcase classname="backend_test" name="test_admin_endpoints_require_auth" time="0.564" /><testcase classname="backend_test" name="test_admin_stats" time="0.195" /><testcase classname="backend_test" name="test_guest_identify_same_email_same_token" time="0.194" /><testcase classname="backend_test" name="test_rsvp_create_update_and_me" time="0.551" /><testcase classname="backend_test" name="test_rsvp_requires_guest_token" time="0.092" /><testcase classname="backend_test" name="test_gift_reserve_unreserve_purchased" time="1.052" /><testcase classname="backend_test" name="test_gift_max_reservations" time="0.491" /><testcase classname="backend_test" name="test_contribution_increases_raised" time="0.294" /><testcase classname="backend_test" name="test_guestbook_post_and_list" time="0.212" /><testcase classname="backend_test" name="test_admin_product_import" time="0.205" /><testcase classname="backend_test" name="test_admin_event_crud" time="0.307" /></testsuite></testsuites>